<?xml version="1.0" encoding="UTF-8"?>
<!-- Generated by org.testng.reporters.JUnitReportReporter -->
<testsuite skipped="0" hostname="HMECL003738" name="testCases.navigateChapter" tests="3" failures="0" timestamp="24 Jul 2021 18:50:06 GMT" time="75.051" errors="0">
  <testcase name="doLogin" time="50.864" classname="testCases.navigateChapter"/>
  <testcase name="navNextPage" time="23.886" classname="testCases.navigateChapter"/>
  <testcase name="logOut" time="0.301" classname="testCases.navigateChapter"/>
</testsuite> <!-- testCases.navigateChapter -->
