<?xml version="1.0" encoding="UTF-8"?>
<!-- Generated by org.testng.reporters.JUnitReportReporter -->
<testsuite hostname="Gauravk-PC" failures="0" tests="1" name="com.adu.lms.HomePage" time="520.011" errors="0" timestamp="24 Jul 2021 11:51:41 GMT" skipped="0">
  <testcase classname="com.adu.lms.HomePage" name="Lms_Login" time="520.011"/>
</testsuite> <!-- com.adu.lms.HomePage -->
